============================= test session starts =============================
platform win32 -- Python 3.12.4, pytest-9.1.1, pluggy-1.6.0 -- C:\Users\Administrator\source\repos\Task Tracker\venv\Scripts\python.exe
cachedir: .pytest_cache
rootdir: C:\Users\Administrator\source\repos\Task Tracker
plugins: anyio-4.14.2
collecting ... collected 24 items

tests/test_tasks.py::test_create_task_valid_returns_201_with_full_body PASSED [  4%]
tests/test_tasks.py::test_create_task_with_tags_normalizes_and_returns_tags PASSED [  8%]
tests/test_tasks.py::test_create_task_with_blank_tag_returns_422 PASSED  [ 12%]
tests/test_tasks.py::test_create_task_with_too_many_tags_returns_422 PASSED [ 16%]
tests/test_tasks.py::test_patch_task_tags_updates_only_when_provided PASSED [ 20%]
tests/test_tasks.py::test_create_task_missing_title_returns_422 PASSED   [ 25%]
tests/test_tasks.py::test_create_task_blank_title_returns_422 PASSED     [ 29%]
tests/test_tasks.py::test_create_task_invalid_priority_returns_422 PASSED [ 33%]
tests/test_tasks.py::test_create_task_unknown_field_returns_422 PASSED   [ 37%]
tests/test_tasks.py::test_list_tasks_empty_returns_200_and_empty_list PASSED [ 41%]
tests/test_tasks.py::test_list_tasks_filter_by_status_no_match_returns_200_and_empty_list PASSED [ 45%]
tests/test_tasks.py::test_list_tasks_filter_by_priority_returns_only_matches PASSED [ 50%]
tests/test_tasks.py::test_get_task_by_id_returns_task PASSED             [ 54%]
tests/test_tasks.py::test_get_task_by_id_not_found_returns_404_with_detail PASSED [ 58%]
tests/test_tasks.py::test_patch_partial_update_keeps_other_fields PASSED [ 62%]
tests/test_tasks.py::test_patch_not_found_returns_404 PASSED             [ 66%]
tests/test_tasks.py::test_patch_valid_transition_todo_to_inprogress_returns_200 PASSED [ 70%]
tests/test_tasks.py::test_patch_invalid_transition_todo_to_done_returns_422 PASSED [ 75%]
tests/test_tasks.py::test_patch_same_status_returns_422 PASSED           [ 79%]
tests/test_tasks.py::test_delete_existing_returns_204_no_body PASSED     [ 83%]
tests/test_tasks.py::test_delete_missing_returns_404 PASSED              [ 87%]
tests/test_tasks.py::test_activity_endpoint_returns_empty_list_by_default PASSED [ 91%]
tests/test_tasks.py::test_activity_endpoint_records_create_update_and_delete_events PASSED [ 95%]
tests/test_tasks.py::test_activity_endpoint_records_status_change_events PASSED [100%]

============================== warnings summary ===============================
venv\Lib\site-packages\fastapi\testclient.py:1
  C:\Users\Administrator\source\repos\Task Tracker\venv\Lib\site-packages\fastapi\testclient.py:1: StarletteDeprecationWarning: Using `httpx` with `starlette.testclient` is deprecated; install `httpx2` instead.
    from starlette.testclient import TestClient as TestClient  # noqa

tests/test_tasks.py::test_patch_invalid_transition_todo_to_done_returns_422
tests/test_tasks.py::test_patch_same_status_returns_422
  C:\Users\Administrator\source\repos\Task Tracker\backend\app\main.py:189: StarletteDeprecationWarning: 'HTTP_422_UNPROCESSABLE_ENTITY' is deprecated. Use 'HTTP_422_UNPROCESSABLE_CONTENT' instead.
    validate_status_transition(existing_task.status, payload.status)

-- Docs: https://docs.pytest.org/en/stable/how-to/capture-warnings.html
======================= 24 passed, 3 warnings in 0.29s ========================

